--------------------------------------------------------------------------------
Release 14.7 Trace  (nt64)
Copyright (c) 1995-2013 Xilinx, Inc.  All rights reserved.

C:\Xilinx\14.7\ISE_DS\ISE\bin\nt64\unwrapped\trce.exe -intstyle ise -v 3 -s 5
-n 3 -fastpaths -xml FA_Divisor.twx FA_Divisor.ncd -o FA_Divisor.twr
FA_Divisor.pcf

Design file:              FA_Divisor.ncd
Physical constraint file: FA_Divisor.pcf
Device,package,speed:     xc3s500e,ft256,-5 (PRODUCTION 1.27 2013-10-13)
Report level:             verbose report

Environment Variable      Effect 
--------------------      ------ 
NONE                      No environment variables were set
--------------------------------------------------------------------------------

INFO:Timing:2698 - No timing constraints found, doing default enumeration.
INFO:Timing:3412 - To improve timing, see the Timing Closure User Guide (UG612).
INFO:Timing:2752 - To get complete path coverage, use the unconstrained paths 
   option. All paths that are not constrained will be reported in the 
   unconstrained paths section(s) of the report.
INFO:Timing:3339 - The clock-to-out numbers in this timing report are based on 
   a 50 Ohm transmission line loading model.  For the details of this model, 
   and for more information on accounting for different loading conditions, 
   please see the device datasheet.
INFO:Timing:3390 - This architecture does not support a default System Jitter 
   value, please add SYSTEM_JITTER constraint to the UCF to modify the Clock 
   Uncertainty calculation.
INFO:Timing:3389 - This architecture does not support 'Discrete Jitter' and 
   'Phase Error' calculations, these terms will be zero in the Clock 
   Uncertainty calculation.  Please make appropriate modification to 
   SYSTEM_JITTER to account for the unsupported Discrete Jitter and Phase 
   Error.



Data Sheet report:
-----------------
All values displayed in nanoseconds (ns)

Pad to Pad
---------------+---------------+---------+
Source Pad     |Destination Pad|  Delay  |
---------------+---------------+---------+
A<0>           |Res<0>         |    7.063|
A<1>           |Res<0>         |   12.128|
A<1>           |Res<1>         |    7.338|
A<2>           |Res<0>         |   16.903|
A<2>           |Res<1>         |   12.681|
A<2>           |Res<2>         |    7.796|
A<3>           |Res<0>         |   21.874|
A<3>           |Res<1>         |   17.299|
A<3>           |Res<2>         |   13.583|
A<3>           |Res<3>         |    8.111|
A<4>           |Res<0>         |   26.232|
A<4>           |Res<1>         |   21.657|
A<4>           |Res<2>         |   17.941|
A<4>           |Res<3>         |   13.073|
A<4>           |Res<4>         |    7.607|
A<5>           |Res<0>         |   31.153|
A<5>           |Res<1>         |   26.578|
A<5>           |Res<2>         |   22.862|
A<5>           |Res<3>         |   17.857|
A<5>           |Res<4>         |   12.883|
A<5>           |Res<5>         |    9.002|
A<6>           |Res<0>         |   35.054|
A<6>           |Res<1>         |   30.479|
A<6>           |Res<2>         |   26.763|
A<6>           |Res<3>         |   21.673|
A<6>           |Res<4>         |   16.784|
A<6>           |Res<5>         |   13.879|
A<6>           |Res<6>         |    8.493|
A<7>           |Res<0>         |   39.240|
A<7>           |Res<1>         |   34.665|
A<7>           |Res<2>         |   30.949|
A<7>           |Res<3>         |   25.859|
A<7>           |Res<4>         |   20.970|
A<7>           |Res<5>         |   18.065|
A<7>           |Res<6>         |   13.783|
A<7>           |Res<7>         |    7.339|
B<0>           |Res<0>         |   40.360|
B<0>           |Res<1>         |   35.785|
B<0>           |Res<2>         |   32.069|
B<0>           |Res<3>         |   26.979|
B<0>           |Res<4>         |   22.090|
B<0>           |Res<5>         |   19.185|
B<0>           |Res<6>         |   14.903|
B<0>           |Res<7>         |    8.459|
B<1>           |Res<0>         |   40.469|
B<1>           |Res<1>         |   35.894|
B<1>           |Res<2>         |   32.178|
B<1>           |Res<3>         |   27.088|
B<1>           |Res<4>         |   22.199|
B<1>           |Res<5>         |   19.294|
B<1>           |Res<6>         |   15.012|
B<1>           |Res<7>         |    8.568|
B<2>           |Res<0>         |   39.431|
B<2>           |Res<1>         |   34.856|
B<2>           |Res<2>         |   31.140|
B<2>           |Res<3>         |   26.050|
B<2>           |Res<4>         |   21.161|
B<2>           |Res<5>         |   18.256|
B<2>           |Res<6>         |   13.974|
B<2>           |Res<7>         |    7.767|
B<3>           |Res<0>         |   39.358|
B<3>           |Res<1>         |   34.783|
B<3>           |Res<2>         |   31.067|
B<3>           |Res<3>         |   25.977|
B<3>           |Res<4>         |   21.088|
B<3>           |Res<5>         |   18.183|
B<3>           |Res<6>         |   13.901|
B<3>           |Res<7>         |    7.911|
B<4>           |Res<0>         |   38.785|
B<4>           |Res<1>         |   34.210|
B<4>           |Res<2>         |   30.494|
B<4>           |Res<3>         |   25.404|
B<4>           |Res<4>         |   20.515|
B<4>           |Res<5>         |   17.610|
B<4>           |Res<6>         |   13.328|
B<4>           |Res<7>         |    7.640|
B<5>           |Res<0>         |   39.671|
B<5>           |Res<1>         |   35.096|
B<5>           |Res<2>         |   31.380|
B<5>           |Res<3>         |   26.290|
B<5>           |Res<4>         |   21.401|
B<5>           |Res<5>         |   18.496|
B<5>           |Res<6>         |   14.214|
B<5>           |Res<7>         |    8.743|
B<6>           |Res<0>         |   37.466|
B<6>           |Res<1>         |   32.891|
B<6>           |Res<2>         |   29.175|
B<6>           |Res<3>         |   24.129|
B<6>           |Res<4>         |   19.196|
B<6>           |Res<5>         |   16.406|
B<6>           |Res<6>         |   11.628|
B<6>           |Res<7>         |    7.087|
B<7>           |Res<0>         |   37.181|
B<7>           |Res<1>         |   32.606|
B<7>           |Res<2>         |   28.890|
B<7>           |Res<3>         |   23.844|
B<7>           |Res<4>         |   18.911|
B<7>           |Res<5>         |   16.121|
B<7>           |Res<6>         |   11.343|
B<7>           |Res<7>         |    6.802|
---------------+---------------+---------+


Analysis completed Thu Nov 24 16:23:48 2016 
--------------------------------------------------------------------------------

Trace Settings:
-------------------------
Trace Settings 

Peak Memory Usage: 172 MB



